
  .   ____          _            __ _ _
 /\\ / ___'_ __ _ _(_)_ __  __ _ \ \ \ \
( ( )\___ | '_ | '_| | '_ \/ _` | \ \ \ \
 \\/  ___)| |_)| | | | | || (_| |  ) ) ) )
  '  |____| .__|_| |_|_| |_\__, | / / / /
 =========|_|==============|___/=/_/_/_/

 :: Spring Boot ::                (v4.0.0)

2025-11-28T15:21:42.515-05:00  INFO 146957 --- [Motor de base de datos] [           main] c.e.demo.MotorDeBaseDeDatosApplication   : Starting MotorDeBaseDeDatosApplication v0.0.1-SNAPSHOT using Java 25.0.1 with PID 146957 (/home/juanito/Documents/Universidad/Ciencias de la computación 1/final/target/final-0.0.1-SNAPSHOT.jar started by juanito in /home/juanito/Documents/Universidad/Ciencias de la computación 1/final)
2025-11-28T15:21:42.520-05:00  INFO 146957 --- [Motor de base de datos] [           main] c.e.demo.MotorDeBaseDeDatosApplication   : No active profile set, falling back to 1 default profile: "default"
2025-11-28T15:21:43.362-05:00  INFO 146957 --- [Motor de base de datos] [           main] o.s.boot.tomcat.TomcatWebServer          : Tomcat initialized with port 3000 (http)
2025-11-28T15:21:43.371-05:00  INFO 146957 --- [Motor de base de datos] [           main] o.apache.catalina.core.StandardService   : Starting service [Tomcat]
2025-11-28T15:21:43.371-05:00  INFO 146957 --- [Motor de base de datos] [           main] o.apache.catalina.core.StandardEngine    : Starting Servlet engine: [Apache Tomcat/11.0.14]
2025-11-28T15:21:43.391-05:00  INFO 146957 --- [Motor de base de datos] [           main] b.w.c.s.WebApplicationContextInitializer : Root WebApplicationContext: initialization completed in 815 ms
Base de datos cargada desde: mibasedatos.db
Creando nueva base de datos...
2025-11-28T15:21:43.551-05:00  INFO 146957 --- [Motor de base de datos] [           main] o.s.b.w.a.WelcomePageHandlerMapping      : Adding welcome page: class path resource [static/index.html]
2025-11-28T15:21:43.894-05:00  INFO 146957 --- [Motor de base de datos] [           main] o.s.b.a.e.web.EndpointLinksResolver      : Exposing 1 endpoint beneath base path '/actuator'
2025-11-28T15:21:43.964-05:00  INFO 146957 --- [Motor de base de datos] [           main] o.s.boot.tomcat.TomcatWebServer          : Tomcat started on port 3000 (http) with context path '/'
2025-11-28T15:21:43.973-05:00  INFO 146957 --- [Motor de base de datos] [           main] c.e.demo.MotorDeBaseDeDatosApplication   : Started MotorDeBaseDeDatosApplication in 1.732 seconds (process running for 2.04)
2025-11-28T15:34:51.391-05:00  INFO 146957 --- [Motor de base de datos] [nio-3000-exec-1] o.a.c.c.C.[Tomcat].[localhost].[/]       : Initializing Spring DispatcherServlet 'dispatcherServlet'
2025-11-28T15:34:51.391-05:00  INFO 146957 --- [Motor de base de datos] [nio-3000-exec-1] o.s.web.servlet.DispatcherServlet        : Initializing Servlet 'dispatcherServlet'
2025-11-28T15:34:51.393-05:00  INFO 146957 --- [Motor de base de datos] [nio-3000-exec-1] o.s.web.servlet.DispatcherServlet        : Completed initialization in 2 ms
Tabla 'Mi tabla 1' creada exitosamente.
Tabla 'usuarios' creada exitosamente.
Exception in thread "http-nio-3000-exec-7" java.lang.NoClassDefFoundError: ch/qos/logback/classic/spi/ThrowableProxy
	at ch.qos.logback.classic.spi.LoggingEvent.<init>(LoggingEvent.java:145)
	at ch.qos.logback.classic.Logger.buildLoggingEventAndAppend(Logger.java:429)
	at ch.qos.logback.classic.Logger.filterAndLog_0_Or3Plus(Logger.java:388)
	at ch.qos.logback.classic.Logger.log(Logger.java:805)
	at org.slf4j.bridge.SLF4JBridgeHandler.callLocationAwareLogger(SLF4JBridgeHandler.java:232)
	at org.slf4j.bridge.SLF4JBridgeHandler.publish(SLF4JBridgeHandler.java:313)
	at java.logging/java.util.logging.Logger.log(Logger.java:962)
	at java.logging/java.util.logging.Logger.doLog(Logger.java:989)
	at java.logging/java.util.logging.Logger.logp(Logger.java:1266)
	at org.apache.juli.logging.DirectJDKLog.log(DirectJDKLog.java:170)
	at org.apache.juli.logging.DirectJDKLog.error(DirectJDKLog.java:141)
	at org.apache.tomcat.util.net.NioEndpoint$SocketProcessor.doRun(NioEndpoint.java:1796)
	at org.apache.tomcat.util.net.SocketProcessorBase.run(SocketProcessorBase.java:52)
	at org.apache.tomcat.util.threads.ThreadPoolExecutor.runWorker(ThreadPoolExecutor.java:946)
	at org.apache.tomcat.util.threads.ThreadPoolExecutor$Worker.run(ThreadPoolExecutor.java:480)
	at org.apache.tomcat.util.threads.TaskThread$WrappingRunnable.run(TaskThread.java:57)
	at java.base/java.lang.Thread.run(Thread.java:1474)
Caused by: java.lang.ClassNotFoundException: ch.qos.logback.classic.spi.ThrowableProxy
	... 17 more
Exception in thread "http-nio-3000-exec-1" java.lang.NoClassDefFoundError: ch/qos/logback/classic/spi/ThrowableProxy
	at ch.qos.logback.classic.spi.LoggingEvent.<init>(LoggingEvent.java:145)
	at ch.qos.logback.classic.Logger.buildLoggingEventAndAppend(Logger.java:429)
	at ch.qos.logback.classic.Logger.filterAndLog_0_Or3Plus(Logger.java:388)
	at ch.qos.logback.classic.Logger.log(Logger.java:805)
	at org.slf4j.bridge.SLF4JBridgeHandler.callLocationAwareLogger(SLF4JBridgeHandler.java:232)
	at org.slf4j.bridge.SLF4JBridgeHandler.publish(SLF4JBridgeHandler.java:313)
	at java.logging/java.util.logging.Logger.log(Logger.java:962)
	at java.logging/java.util.logging.Logger.doLog(Logger.java:989)
	at java.logging/java.util.logging.Logger.logp(Logger.java:1266)
	at org.apache.juli.logging.DirectJDKLog.log(DirectJDKLog.java:170)
	at org.apache.juli.logging.DirectJDKLog.error(DirectJDKLog.java:141)
	at org.apache.tomcat.util.net.NioEndpoint$SocketProcessor.doRun(NioEndpoint.java:1796)
	at org.apache.tomcat.util.net.SocketProcessorBase.run(SocketProcessorBase.java:52)
	at org.apache.tomcat.util.threads.ThreadPoolExecutor.runWorker(ThreadPoolExecutor.java:946)
	at org.apache.tomcat.util.threads.ThreadPoolExecutor$Worker.run(ThreadPoolExecutor.java:480)
	at org.apache.tomcat.util.threads.TaskThread$WrappingRunnable.run(TaskThread.java:57)
	at java.base/java.lang.Thread.run(Thread.java:1474)
Caused by: java.lang.ClassNotFoundException: ch.qos.logback.classic.spi.ThrowableProxy
	... 17 more
La tabla 'usuarios' ya existe.
Exception in thread "http-nio-3000-exec-9" java.lang.NoClassDefFoundError: ch/qos/logback/classic/spi/ThrowableProxy
	at ch.qos.logback.classic.spi.LoggingEvent.<init>(LoggingEvent.java:145)
	at ch.qos.logback.classic.Logger.buildLoggingEventAndAppend(Logger.java:429)
	at ch.qos.logback.classic.Logger.filterAndLog_0_Or3Plus(Logger.java:388)
	at ch.qos.logback.classic.Logger.log(Logger.java:805)
	at org.slf4j.bridge.SLF4JBridgeHandler.callLocationAwareLogger(SLF4JBridgeHandler.java:232)
	at org.slf4j.bridge.SLF4JBridgeHandler.publish(SLF4JBridgeHandler.java:313)
	at java.logging/java.util.logging.Logger.log(Logger.java:962)
	at java.logging/java.util.logging.Logger.doLog(Logger.java:989)
	at java.logging/java.util.logging.Logger.logp(Logger.java:1266)
	at org.apache.juli.logging.DirectJDKLog.log(DirectJDKLog.java:170)
	at org.apache.juli.logging.DirectJDKLog.error(DirectJDKLog.java:141)
	at org.apache.tomcat.util.net.NioEndpoint$SocketProcessor.doRun(NioEndpoint.java:1796)
	at org.apache.tomcat.util.net.SocketProcessorBase.run(SocketProcessorBase.java:52)
	at org.apache.tomcat.util.threads.ThreadPoolExecutor.runWorker(ThreadPoolExecutor.java:946)
	at org.apache.tomcat.util.threads.ThreadPoolExecutor$Worker.run(ThreadPoolExecutor.java:480)
	at org.apache.tomcat.util.threads.TaskThread$WrappingRunnable.run(TaskThread.java:57)
	at java.base/java.lang.Thread.run(Thread.java:1474)
Caused by: java.lang.ClassNotFoundException: ch.qos.logback.classic.spi.ThrowableProxy
	... 17 more
La tabla 'usuarios' ya existe.
Exception in thread "http-nio-3000-exec-11" java.lang.NoClassDefFoundError: ch/qos/logback/classic/spi/ThrowableProxy
	at ch.qos.logback.classic.spi.LoggingEvent.<init>(LoggingEvent.java:145)
	at ch.qos.logback.classic.Logger.buildLoggingEventAndAppend(Logger.java:429)
	at ch.qos.logback.classic.Logger.filterAndLog_0_Or3Plus(Logger.java:388)
	at ch.qos.logback.classic.Logger.log(Logger.java:805)
	at org.slf4j.bridge.SLF4JBridgeHandler.callLocationAwareLogger(SLF4JBridgeHandler.java:232)
	at org.slf4j.bridge.SLF4JBridgeHandler.publish(SLF4JBridgeHandler.java:313)
	at java.logging/java.util.logging.Logger.log(Logger.java:962)
	at java.logging/java.util.logging.Logger.doLog(Logger.java:989)
	at java.logging/java.util.logging.Logger.logp(Logger.java:1266)
	at org.apache.juli.logging.DirectJDKLog.log(DirectJDKLog.java:170)
	at org.apache.juli.logging.DirectJDKLog.error(DirectJDKLog.java:141)
	at org.apache.tomcat.util.net.NioEndpoint$SocketProcessor.doRun(NioEndpoint.java:1796)
	at org.apache.tomcat.util.net.SocketProcessorBase.run(SocketProcessorBase.java:52)
	at org.apache.tomcat.util.threads.ThreadPoolExecutor.runWorker(ThreadPoolExecutor.java:946)
	at org.apache.tomcat.util.threads.ThreadPoolExecutor$Worker.run(ThreadPoolExecutor.java:480)
	at org.apache.tomcat.util.threads.TaskThread$WrappingRunnable.run(TaskThread.java:57)
	at java.base/java.lang.Thread.run(Thread.java:1474)
Caused by: java.lang.ClassNotFoundException: ch.qos.logback.classic.spi.ThrowableProxy
	... 17 more
Exception in thread "http-nio-3000-exec-13" java.lang.NoClassDefFoundError: ch/qos/logback/classic/spi/ThrowableProxy
	at ch.qos.logback.classic.spi.LoggingEvent.<init>(LoggingEvent.java:145)
	at ch.qos.logback.classic.Logger.buildLoggingEventAndAppend(Logger.java:429)
	at ch.qos.logback.classic.Logger.filterAndLog_0_Or3Plus(Logger.java:388)
	at ch.qos.logback.classic.Logger.log(Logger.java:805)
	at org.slf4j.bridge.SLF4JBridgeHandler.callLocationAwareLogger(SLF4JBridgeHandler.java:232)
	at org.slf4j.bridge.SLF4JBridgeHandler.publish(SLF4JBridgeHandler.java:313)
	at java.logging/java.util.logging.Logger.log(Logger.java:962)
	at java.logging/java.util.logging.Logger.doLog(Logger.java:989)
	at java.logging/java.util.logging.Logger.logp(Logger.java:1266)
	at org.apache.juli.logging.DirectJDKLog.log(DirectJDKLog.java:170)
	at org.apache.juli.logging.DirectJDKLog.error(DirectJDKLog.java:141)
	at org.apache.tomcat.util.net.NioEndpoint$SocketProcessor.doRun(NioEndpoint.java:1796)
	at org.apache.tomcat.util.net.SocketProcessorBase.run(SocketProcessorBase.java:52)
	at org.apache.tomcat.util.threads.ThreadPoolExecutor.runWorker(ThreadPoolExecutor.java:946)
	at org.apache.tomcat.util.threads.ThreadPoolExecutor$Worker.run(ThreadPoolExecutor.java:480)
	at org.apache.tomcat.util.threads.TaskThread$WrappingRunnable.run(TaskThread.java:57)
	at java.base/java.lang.Thread.run(Thread.java:1474)
Caused by: java.lang.ClassNotFoundException: ch.qos.logback.classic.spi.ThrowableProxy
	... 17 more
